<?xml version="1.0" encoding="UTF-8"?>
<!-- Generated by org.testng.reporters.JUnitReportReporter -->
<testsuite hostname="TFD53035" failures="0" tests="2" name="com.ReleaseToCMP" time="17.703" errors="0" timestamp="2022-04-30T18:14:57 IST" skipped="0">
  <testcase classname="com.ReleaseToCMP" name="VerifyLoginPage" time="2.604"/>
  <system-out/>
  <testcase classname="com.ReleaseToCMP" name="SearchJob" time="15.099"/>
  <system-out/>
</testsuite> <!-- com.ReleaseToCMP -->
