<?xml version="1.0" encoding="UTF-8"?>
<!-- Generated by org.testng.reporters.JUnitReportReporter -->
<testsuite hostname="TFD53035" failures="0" tests="2" name="com.PlaceOrderRollSticker" time="0.000" errors="0" timestamp="2022-04-26T20:46:22 IST" skipped="2">
  <testcase classname="com.PlaceOrderRollSticker" name="VerifyLoginPage" time="0.000">
    <skipped/>
  </testcase> <!-- VerifyLoginPage -->
  <system-out/>
  <testcase classname="com.PlaceOrderRollSticker" name="Customization" time="0.000">
    <skipped/>
  </testcase> <!-- Customization -->
  <system-out/>
</testsuite> <!-- com.PlaceOrderRollSticker -->
