<?xml version="1.0" encoding="UTF-8"?>
<!-- Generated by org.testng.reporters.JUnitReportReporter -->
<testsuite hostname="TFD53035" failures="0" tests="3" name="com.PlaceOrderInvitations" time="85.500" errors="0" timestamp="2022-04-30T18:20:17 IST" skipped="0">
  <testcase classname="com.PlaceOrderInvitations" name="VerifyLoginPage" time="5.344"/>
  <system-out/>
  <testcase classname="com.PlaceOrderInvitations" name="Customization" time="39.228"/>
  <system-out/>
  <testcase classname="com.PlaceOrderInvitations" name="Customization" time="40.928"/>
  <system-out/>
</testsuite> <!-- com.PlaceOrderInvitations -->
