<?xml version="1.0" encoding="UTF-8"?>
<!-- Generated by org.testng.reporters.JUnitReportReporter -->
<testsuite hostname="TFD53035" failures="0" tests="2" name="com.PlaceOrderGreetingCards" time="56.421" errors="0" timestamp="2022-04-27T15:30:01 IST" skipped="0">
  <testcase classname="com.PlaceOrderGreetingCards" name="VerifyLoginPage" time="6.743"/>
  <system-out/>
  <testcase classname="com.PlaceOrderGreetingCards" name="Customization" time="49.678"/>
  <system-out/>
</testsuite> <!-- com.PlaceOrderGreetingCards -->
