<?xml version="1.0" encoding="UTF-8"?>
<!-- Generated by org.testng.reporters.JUnitReportReporter -->
<testsuite hostname="TFD53035" failures="0" tests="3" name="com.LoginValidation" time="5.666" errors="0" timestamp="2022-04-18T12:53:54 IST" skipped="0">
  <testcase classname="com.LoginValidation" name="VerifyLaunchApplication" time="3.244"/>
  <system-out/>
  <testcase classname="com.LoginValidation" name="VerifyLoginErrorPage" time="0.725"/>
  <system-out/>
  <testcase classname="com.LoginValidation" name="VerifyLoginPage" time="1.697"/>
  <system-out/>
</testsuite> <!-- com.LoginValidation -->
