<?xml version="1.0" encoding="UTF-8"?>
<!-- Generated by org.testng.reporters.JUnitReportReporter -->
<testsuite hostname="TFD53035" failures="0" tests="2" name="com.PlaceOrderPostcards" time="55.558" errors="0" timestamp="2022-04-30T18:26:29 IST" skipped="0">
  <testcase classname="com.PlaceOrderPostcards" name="VerifyLoginPage" time="4.196"/>
  <system-out/>
  <testcase classname="com.PlaceOrderPostcards" name="Customization" time="51.362"/>
  <system-out/>
</testsuite> <!-- com.PlaceOrderPostcards -->
