<?xml version="1.0" encoding="UTF-8"?>
<!-- Generated by org.testng.reporters.JUnitReportReporter -->
<testsuite hostname="TFD53035" failures="0" tests="2" name="com.PlaceOrderGreetingCards" time="56.709" errors="0" timestamp="2022-04-30T18:18:13 IST" skipped="0">
  <testcase classname="com.PlaceOrderGreetingCards" name="VerifyLoginPage" time="10.055"/>
  <system-out/>
  <testcase classname="com.PlaceOrderGreetingCards" name="Customization" time="46.654"/>
  <system-out/>
</testsuite> <!-- com.PlaceOrderGreetingCards -->
