<?xml version="1.0" encoding="UTF-8"?>
<!-- Generated by org.testng.reporters.JUnitReportReporter -->
<testsuite hostname="TFD53035" failures="0" tests="7" name="com.PlaceOrder" time="61.003" errors="0" timestamp="2022-04-17T18:47:08 IST" skipped="0">
  <testcase classname="com.PlaceOrder" name="VerifyLaunchApplication" time="3.067"/>
  <system-out/>
  <testcase classname="com.PlaceOrder" name="VerifyLoginErrorPage" time="0.737"/>
  <system-out/>
  <testcase classname="com.PlaceOrder" name="VerifyLoginPage" time="2.276"/>
  <system-out/>
  <testcase classname="com.PlaceOrder" name="SelectProduct" time="4.413"/>
  <system-out/>
  <testcase classname="com.PlaceOrder" name="Customization" time="35.506"/>
  <system-out/>
  <testcase classname="com.PlaceOrder" name="AddToCart" time="13.523"/>
  <system-out/>
  <testcase classname="com.PlaceOrder" name="Payment" time="1.481"/>
  <system-out/>
</testsuite> <!-- com.PlaceOrder -->
