<?xml version="1.0" encoding="UTF-8"?>
<!-- Generated by org.testng.reporters.JUnitReportReporter -->
<testsuite hostname="TFD53035" failures="0" tests="1" name="com.excel" time="3.970" errors="0" timestamp="2022-04-24T09:26:07 IST" skipped="0">
  <testcase classname="com.excel" name="VerifyLoginPage" time="3.970"/>
  <system-out/>
</testsuite> <!-- com.excel -->
