<?xml version="1.0" encoding="UTF-8"?>
<!-- Generated by org.testng.reporters.JUnitReportReporter -->
<testsuite hostname="TFD53035" failures="0" tests="2" name="com.PlaceOrderRollSticker" time="42.622" errors="0" timestamp="2022-04-30T17:25:28 IST" skipped="0">
  <testcase classname="com.PlaceOrderRollSticker" name="VerifyLoginPage" time="4.218"/>
  <system-out/>
  <testcase classname="com.PlaceOrderRollSticker" name="Customization" time="38.404"/>
  <system-out/>
</testsuite> <!-- com.PlaceOrderRollSticker -->
