<?xml version="1.0" encoding="UTF-8"?>
<!-- Generated by org.testng.reporters.JUnitReportReporter -->
<testsuite hostname="TFD53035" failures="0" tests="2" name="com.PlaceOrderPostcards" time="56.535" errors="0" timestamp="2022-04-27T16:17:41 IST" skipped="0">
  <testcase classname="com.PlaceOrderPostcards" name="VerifyLoginPage" time="5.369"/>
  <system-out/>
  <testcase classname="com.PlaceOrderPostcards" name="Customization" time="51.166"/>
  <system-out/>
</testsuite> <!-- com.PlaceOrderPostcards -->
